gradlew --daemon setupDecompWorkspace
gradlew --daemon eclipse

eclipse→設定→java→コンパイラー→コンパイラー準拠レベル = 1.8
eclipse→設定→java→コンパイラー→デフォルトの準拠設定の使用 = true
eclipse→設定→java→コードスタイル→クリーンアップ
	hym_formatterから読み込み
eclipse→設定→java→コードスタイル→フォーマッター
	hym_cleanupから読み込み
eclipse→設定→java→エディタ→保管アクション
	クリーンアップと同じ設定

install
	Gradle IDE Pack 3.6.x, 0.17
	FindBugs Eclipse Plugin 3.0.0
	eclipse-pmd 1.4

プロジェクト「Minecraft」→プロパティ→Java コンパイラー→プロジェクト固有の設定を可能にする = false
eclipse→設定→java→コンパイラー→エラー/警告
	→コードスタイル
		[11010000100]
		[111011011 1111111011]
		[10 111]
		[1TT21]
		[00 1T11010   11]
		[1110T]
		[1T111T10]
		[110FF         ]
		F
